2024-01-07 05:00:44,683 INFO o.a.j.u.JMeterUtils: Setting Locale to en_US
2024-01-07 05:00:44,721 INFO o.a.j.JMeter: Loading user properties from: /home/ec2-user/lab/sw/apache-jmeter-5.4.3/bin/user.properties
2024-01-07 05:00:44,721 INFO o.a.j.JMeter: Loading system properties from: /home/ec2-user/lab/sw/apache-jmeter-5.4.3/bin/system.properties
2024-01-07 05:00:44,733 INFO o.a.j.JMeter: Copyright (c) 1998-2021 The Apache Software Foundation
2024-01-07 05:00:44,734 INFO o.a.j.JMeter: Version 5.4.3
2024-01-07 05:00:44,734 INFO o.a.j.JMeter: java.version=11.0.21
2024-01-07 05:00:44,734 INFO o.a.j.JMeter: java.vm.name=OpenJDK 64-Bit Server VM
2024-01-07 05:00:44,734 INFO o.a.j.JMeter: os.name=Linux
2024-01-07 05:00:44,734 INFO o.a.j.JMeter: os.arch=amd64
2024-01-07 05:00:44,734 INFO o.a.j.JMeter: os.version=5.10.201-191.748.amzn2.x86_64
2024-01-07 05:00:44,734 INFO o.a.j.JMeter: file.encoding=UTF-8
2024-01-07 05:00:44,734 INFO o.a.j.JMeter: java.awt.headless=null
2024-01-07 05:00:44,734 INFO o.a.j.JMeter: Max memory     =1025507328
2024-01-07 05:00:44,735 INFO o.a.j.JMeter: Available Processors =2
2024-01-07 05:00:44,745 INFO o.a.j.JMeter: Default Locale=English (United States)
2024-01-07 05:00:44,746 INFO o.a.j.JMeter: JMeter  Locale=English (United States)
2024-01-07 05:00:44,746 INFO o.a.j.JMeter: JMeterHome=/home/ec2-user/lab/sw/apache-jmeter-5.4.3
2024-01-07 05:00:44,746 INFO o.a.j.JMeter: user.dir  =/home/ec2-user/lab/projects/guestbook
2024-01-07 05:00:44,746 INFO o.a.j.JMeter: PWD       =/home/ec2-user/lab/projects/guestbook
2024-01-07 05:00:44,748 INFO o.a.j.JMeter: IP: 172.31.0.100 Name: ip-172-31-0-100.ap-northeast-2.compute.internal FullName: ip-172-31-0-100.ap-northeast-2.compute.internal
2024-01-07 05:00:47,437 INFO o.a.j.JMeter: Setting LAF to: com.github.weisj.darklaf.DarkLaf:com.github.weisj.darklaf.theme.DarculaTheme
2024-01-07 05:00:48,189 INFO o.a.j.JMeter: Loaded icon properties from org/apache/jmeter/images/icon.properties
2024-01-07 05:00:50,044 INFO o.j.r.JARSourceHTTP: Found cached repo
2024-01-07 05:00:50,317 INFO o.j.r.PluginManager: Plugins Status: [jpgc-graphs-basic=2.0, jpgc-functions=2.1, jpgc-casutg=2.10, jpgc-dummy=0.4, jpgc-ffw=2.0, jpgc-fifo=0.2, jpgc-perfmon=2.1, jpgc-plugins-manager=1.7, jpgc-tst=2.5, jmeter-core=5.4.3, jmeter-ftp=5.4.3, jmeter-http=5.4.3, jmeter-jdbc=5.4.3, jmeter-jms=5.4.3, jmeter-junit=5.4.3, jmeter-java=5.4.3, jmeter-ldap=5.4.3, jmeter-mail=5.4.3, jmeter-mongodb=5.4.3, jmeter-native=5.4.3, jmeter-tcp=5.4.3, jmeter-components=5.4.3, jpgc-standard=2.0]
2024-01-07 05:00:50,322 INFO o.j.r.PluginManagerMenuItem: Plugins Manager has upgrades: [jpgc-functions, jpgc-plugins-manager, jpgc-tst]
2024-01-07 05:01:18,103 INFO o.a.j.s.FileServer: Default base='/home/ec2-user/lab/projects/guestbook'
2024-01-07 05:01:18,107 INFO o.a.j.g.a.Load: Loading file: /home/ec2-user/lab/projects/guestbook/src/main/jmx/guestbook_loadtest.jmx
2024-01-07 05:01:18,107 INFO o.a.j.s.FileServer: Set new base='/home/ec2-user/lab/projects/guestbook/src/main/jmx'
2024-01-07 05:01:18,421 INFO o.a.j.s.SaveService: Testplan (JMX) version: 2.2. Testlog (JTL) version: 2.2
2024-01-07 05:01:18,435 INFO o.a.j.s.SaveService: Using SaveService properties version 5.0
2024-01-07 05:01:18,437 INFO o.a.j.s.SaveService: Using SaveService properties file encoding UTF-8
2024-01-07 05:01:18,438 INFO o.a.j.s.SaveService: Loading file: /home/ec2-user/lab/projects/guestbook/src/main/jmx/guestbook_loadtest.jmx
2024-01-07 05:01:18,629 INFO o.a.j.p.h.s.HTTPSamplerBase: Parser for text/html is org.apache.jmeter.protocol.http.parser.LagartoBasedHtmlParser
2024-01-07 05:01:18,629 INFO o.a.j.p.h.s.HTTPSamplerBase: Parser for application/xhtml+xml is org.apache.jmeter.protocol.http.parser.LagartoBasedHtmlParser
2024-01-07 05:01:18,629 INFO o.a.j.p.h.s.HTTPSamplerBase: Parser for application/xml is org.apache.jmeter.protocol.http.parser.LagartoBasedHtmlParser
2024-01-07 05:01:18,629 INFO o.a.j.p.h.s.HTTPSamplerBase: Parser for text/xml is org.apache.jmeter.protocol.http.parser.LagartoBasedHtmlParser
2024-01-07 05:01:18,629 INFO o.a.j.p.h.s.HTTPSamplerBase: Parser for text/vnd.wap.wml is org.apache.jmeter.protocol.http.parser.RegexpHTMLParser
2024-01-07 05:01:18,629 INFO o.a.j.p.h.s.HTTPSamplerBase: Parser for text/css is org.apache.jmeter.protocol.http.parser.CssParser
2024-01-07 05:01:19,129 INFO o.a.j.e.u.CompoundVariable: Note: Function class names must contain the string: '.functions.'
2024-01-07 05:01:19,129 INFO o.a.j.e.u.CompoundVariable: Note: Function class names must not contain the string: '.gui.'
2024-01-07 05:01:19,571 INFO o.a.j.s.SampleResult: Note: Sample TimeStamps are START times
2024-01-07 05:01:19,571 INFO o.a.j.s.SampleResult: sampleresult.default.encoding is set to ISO-8859-1
2024-01-07 05:01:19,571 INFO o.a.j.s.SampleResult: sampleresult.useNanoTime=true
2024-01-07 05:01:19,571 INFO o.a.j.s.SampleResult: sampleresult.nanoThreadSleep=5000
2024-01-07 05:01:19,772 INFO o.a.j.v.ViewResultsFullVisualizer: Add JavaFX to your Java installation if you want to use renderer: org.apache.jmeter.visualizers.RenderInBrowser
2024-01-07 05:01:19,838 INFO o.a.j.s.FileServer: Set new base='/home/ec2-user/lab/projects/guestbook/src/main/jmx'
